C:\USERS\GOLDBERG_JUSTIN_TAYL\DOCUMENTS\VISUAL STUDIO 2012\PROJECTS\BANKAPPLICATION\BANKAPPLICATION\DEBUG\BANKAPPLICATION.PCH
C:\USERS\GOLDBERG_JUSTIN_TAYL\DOCUMENTS\VISUAL STUDIO 2012\PROJECTS\BANKAPPLICATION\BANKAPPLICATION\DEBUG\STDAFX.OBJ
C:\USERS\GOLDBERG_JUSTIN_TAYL\DOCUMENTS\VISUAL STUDIO 2012\PROJECTS\BANKAPPLICATION\BANKAPPLICATION\DEBUG\VC110.PDB
C:\USERS\GOLDBERG_JUSTIN_TAYL\DOCUMENTS\VISUAL STUDIO 2012\PROJECTS\BANKAPPLICATION\BANKAPPLICATION\DEBUG\BANKAPPLICATION.OBJ
C:\USERS\GOLDBERG_JUSTIN_TAYL\DOCUMENTS\VISUAL STUDIO 2012\PROJECTS\BANKAPPLICATION\DEBUG\BANKAPPLICATION.ILK
C:\USERS\GOLDBERG_JUSTIN_TAYL\DOCUMENTS\VISUAL STUDIO 2012\PROJECTS\BANKAPPLICATION\DEBUG\BANKAPPLICATION.EXE
C:\USERS\GOLDBERG_JUSTIN_TAYL\DOCUMENTS\VISUAL STUDIO 2012\PROJECTS\BANKAPPLICATION\DEBUG\BANKAPPLICATION.PDB
c:\Users\goldberg_justin_tayl\documents\visual studio 2012\Projects\BankApplication\BankApplication\Debug\BankApplication.obj
c:\Users\goldberg_justin_tayl\documents\visual studio 2012\Projects\BankApplication\BankApplication\Debug\stdafx.obj
c:\Users\goldberg_justin_tayl\documents\visual studio 2012\Projects\BankApplication\BankApplication\Debug\cl.command.1.tlog
c:\Users\goldberg_justin_tayl\documents\visual studio 2012\Projects\BankApplication\BankApplication\Debug\CL.read.1.tlog
c:\Users\goldberg_justin_tayl\documents\visual studio 2012\Projects\BankApplication\BankApplication\Debug\CL.write.1.tlog
c:\Users\goldberg_justin_tayl\documents\visual studio 2012\Projects\BankApplication\BankApplication\Debug\link-cvtres.read.1.tlog
c:\Users\goldberg_justin_tayl\documents\visual studio 2012\Projects\BankApplication\BankApplication\Debug\link-cvtres.write.1.tlog
c:\Users\goldberg_justin_tayl\documents\visual studio 2012\Projects\BankApplication\BankApplication\Debug\link-rc.read.1.tlog
c:\Users\goldberg_justin_tayl\documents\visual studio 2012\Projects\BankApplication\BankApplication\Debug\link-rc.write.1.tlog
c:\Users\goldberg_justin_tayl\documents\visual studio 2012\Projects\BankApplication\BankApplication\Debug\link.command.1.tlog
c:\Users\goldberg_justin_tayl\documents\visual studio 2012\Projects\BankApplication\BankApplication\Debug\link.read.1.tlog
c:\Users\goldberg_justin_tayl\documents\visual studio 2012\Projects\BankApplication\BankApplication\Debug\link.write.1.tlog
c:\Users\goldberg_justin_tayl\documents\visual studio 2012\Projects\BankApplication\BankApplication\Debug\BankApplication.pch
c:\Users\goldberg_justin_tayl\documents\visual studio 2012\Projects\BankApplication\BankApplication\Debug\vc110.idb
c:\Users\goldberg_justin_tayl\documents\visual studio 2012\Projects\BankApplication\BankApplication\Debug\vc110.pdb
c:\users\goldberg_justin_tayl\documents\visual studio 2012\Projects\BankApplication\Debug\BankApplication.pdb
c:\users\goldberg_justin_tayl\documents\visual studio 2012\Projects\BankApplication\Debug\BankApplication.exe
c:\users\goldberg_justin_tayl\documents\visual studio 2012\Projects\BankApplication\Debug\BankApplication.ilk
